==< Solution found in 0.000026 s, and in 161 steps >==

Initial problem:

###################################  ##
#                 ## #               ##
# ############### ## # ################
# ###         ###    #              ###
# ##      ####### #   #############  ##
# ###             ###               ###
# ################## ##################
#                       ###############
###################  #              ###
#                  ################  ##
# ############### ##                ###
# ###         ### ## # ################
# ##      ####### ## #              ###
#  >#              # #               ##
##################     ############ ###
#######################################

Maze with path:

###################################^ ##
#^>>>>>>>>>>>>>>>>## #^>>>>>>>>>>>>> ##
#^###############v## #^################
#^###         ###v>> #<<<<<<<<<<<<<^###
#^##      ####### #v>>#############^ ##
#^###             ###v>>>>>>>>>>>>>>###
#^################## ##################
#<<<<<<<<<<<<<<<<<<<<<<^###############
###################  # <<<<<<<<<<<<^###
#^>>>>>>>>>>>>>>>> ################^ ##
#^###############v##^>>>>>>>>>>>>>>>###
#^###         ###v##^# ################
#^##      #######v##^#              ###
#<<>#            v>#^#               ##
##################v>>  ############ ###
#######################################

Path with directions:
BFFRFFFFRFFFFFFFFFFFFFFFFRFFFFLFRFLFFLF
FFFRFFFFFFFFFFFFFFFLFFLFFFFFFFFFFFFRFLF
FFFFFFFFFFFFFFFFFFFFFRFFFFFFRFFFFFFFFFF
FFFFFFRFFLFFRFLFFRFLFFFFFFFFFFFFFFLFFLF
FFFFFFFFFFFFRFFRFFFFFFFFFFFFFLFF
